The system is: Windows - 10.0.22621 - AMD64
Compiling the C compiler identification source file "CMakeCCompilerId.c" succeeded.
Compiler: C:/Program Files/JetBrains/CLion 2022.3.2/bin/mingw/bin/gcc.exe 
Build flags: 
Id flags:  

The output was:
0


Compilation of the C compiler identification source "CMakeCCompilerId.c" produced "a.exe"

The C compiler identification is GNU, found in "C:/Users/Geiss/OneDrive - Berufsbildungszentrum Schaffhausen/SE-SYS21/Semester 5/14 udp socket/UDPServerClion/cmake-build-debug/CMakeFiles/3.24.2/CompilerIdC/a.exe"

Compiling the CXX compiler identification source file "CMakeCXXCompilerId.cpp" succeeded.
Compiler: C:/Program Files/JetBrains/CLion 2022.3.2/bin/mingw/bin/g++.exe 
Build flags: 
Id flags:  

The output was:
0


Compilation of the CXX compiler identification source "CMakeCXXCompilerId.cpp" produced "a.exe"

The CXX compiler identification is GNU, found in "C:/Users/Geiss/OneDrive - Berufsbildungszentrum Schaffhausen/SE-SYS21/Semester 5/14 udp socket/UDPServerClion/cmake-build-debug/CMakeFiles/3.24.2/CompilerIdCXX/a.exe"

Determining if the C compiler works passed with the following output:
Change Dir: C:/Users/Geiss/OneDrive - Berufsbildungszentrum Schaffhausen/SE-SYS21/Semester 5/14 udp socket/UDPServerClion/cmake-build-debug/CMakeFiles/CMakeTmp

Run Build Command(s):C:/PROGRA~1/JETBRA~1/CLION2~1.2/bin/mingw/bin/mingw32-make.exe -f Makefile cmTC_a78af/fast && C:/PROGRA~1/JETBRA~1/CLION2~1.2/bin/mingw/bin/mingw32-make.exe  -f CMakeFiles\cmTC_a78af.dir\build.make CMakeFiles/cmTC_a78af.dir/build
mingw32-make[1]: Entering directory 'C:/Users/Geiss/OneDrive - Berufsbildungszentrum Schaffhausen/SE-SYS21/Semester 5/14 udp socket/UDPServerClion/cmake-build-debug/CMakeFiles/CMakeTmp'
Building C object CMakeFiles/cmTC_a78af.dir/testCCompiler.c.obj
C:\PROGRA~1\JETBRA~1\CLION2~1.2\bin\mingw\bin\gcc.exe   -fdiagnostics-color=always -o CMakeFiles\cmTC_a78af.dir\testCCompiler.c.obj -c "C:\Users\Geiss\OneDrive - Berufsbildungszentrum Schaffhausen\SE-SYS21\Semester 5\14 udp socket\UDPServerClion\cmake-build-debug\CMakeFiles\CMakeTmp\testCCompiler.c"
Linking C executable cmTC_a78af.exe
"C:\Program Files\JetBrains\CLion 2022.3.2\bin\cmake\win\x64\bin\cmake.exe" -E cmake_link_script CMakeFiles\cmTC_a78af.dir\link.txt --verbose=1
"C:\Program Files\JetBrains\CLion 2022.3.2\bin\cmake\win\x64\bin\cmake.exe" -E rm -f CMakeFiles\cmTC_a78af.dir/objects.a
C:\PROGRA~1\JETBRA~1\CLION2~1.2\bin\mingw\bin\ar.exe qc CMakeFiles\cmTC_a78af.dir/objects.a @CMakeFiles\cmTC_a78af.dir\objects1.rsp
C:\PROGRA~1\JETBRA~1\CLION2~1.2\bin\mingw\bin\gcc.exe -Wl,--whole-archive CMakeFiles\cmTC_a78af.dir/objects.a -Wl,--no-whole-archive -o cmTC_a78af.exe -Wl,--out-implib,libcmTC_a78af.dll.a -Wl,--major-image-version,0,--minor-image-version,0 @CMakeFiles\cmTC_a78af.dir\linklibs.rsp
mingw32-make[1]: Leaving directory 'C:/Users/Geiss/OneDrive - Berufsbildungszentrum Schaffhausen/SE-SYS21/Semester 5/14 udp socket/UDPServerClion/cmake-build-debug/CMakeFiles/CMakeTmp'



Determining if the CXX compiler works passed with the following output:
Change Dir: C:/Users/Geiss/OneDrive - Berufsbildungszentrum Schaffhausen/SE-SYS21/Semester 5/14 udp socket/UDPServerClion/cmake-build-debug/CMakeFiles/CMakeTmp

Run Build Command(s):C:/PROGRA~1/JETBRA~1/CLION2~1.2/bin/mingw/bin/mingw32-make.exe -f Makefile cmTC_af047/fast && C:/PROGRA~1/JETBRA~1/CLION2~1.2/bin/mingw/bin/mingw32-make.exe  -f CMakeFiles\cmTC_af047.dir\build.make CMakeFiles/cmTC_af047.dir/build
mingw32-make[1]: Entering directory 'C:/Users/Geiss/OneDrive - Berufsbildungszentrum Schaffhausen/SE-SYS21/Semester 5/14 udp socket/UDPServerClion/cmake-build-debug/CMakeFiles/CMakeTmp'
Building CXX object CMakeFiles/cmTC_af047.dir/testCXXCompiler.cxx.obj
C:\PROGRA~1\JETBRA~1\CLION2~1.2\bin\mingw\bin\G__~1.EXE   -fdiagnostics-color=always -o CMakeFiles\cmTC_af047.dir\testCXXCompiler.cxx.obj -c "C:\Users\Geiss\OneDrive - Berufsbildungszentrum Schaffhausen\SE-SYS21\Semester 5\14 udp socket\UDPServerClion\cmake-build-debug\CMakeFiles\CMakeTmp\testCXXCompiler.cxx"
Linking CXX executable cmTC_af047.exe
"C:\Program Files\JetBrains\CLion 2022.3.2\bin\cmake\win\x64\bin\cmake.exe" -E cmake_link_script CMakeFiles\cmTC_af047.dir\link.txt --verbose=1
"C:\Program Files\JetBrains\CLion 2022.3.2\bin\cmake\win\x64\bin\cmake.exe" -E rm -f CMakeFiles\cmTC_af047.dir/objects.a
C:\PROGRA~1\JETBRA~1\CLION2~1.2\bin\mingw\bin\ar.exe qc CMakeFiles\cmTC_af047.dir/objects.a @CMakeFiles\cmTC_af047.dir\objects1.rsp
C:\PROGRA~1\JETBRA~1\CLION2~1.2\bin\mingw\bin\G__~1.EXE -Wl,--whole-archive CMakeFiles\cmTC_af047.dir/objects.a -Wl,--no-whole-archive -o cmTC_af047.exe -Wl,--out-implib,libcmTC_af047.dll.a -Wl,--major-image-version,0,--minor-image-version,0 @CMakeFiles\cmTC_af047.dir\linklibs.rsp
mingw32-make[1]: Leaving directory 'C:/Users/Geiss/OneDrive - Berufsbildungszentrum Schaffhausen/SE-SYS21/Semester 5/14 udp socket/UDPServerClion/cmake-build-debug/CMakeFiles/CMakeTmp'



